[debug] [2023-04-07T15:43:16.960Z] ----------------------------------------------------------------------
[debug] [2023-04-07T15:43:16.961Z] Command:       C:\Program Files\nodejs\node.exe C:\Users\A200137145\AppData\Roaming\npm\node_modules\firebase-tools\lib\bin\firebase.js deploy
[debug] [2023-04-07T15:43:16.962Z] CLI Version:   11.25.3
[debug] [2023-04-07T15:43:16.962Z] Platform:      win32
[debug] [2023-04-07T15:43:16.962Z] Node Version:  v18.13.0
[debug] [2023-04-07T15:43:16.963Z] Time:          Fri Apr 07 2023 17:43:16 GMT+0200 (Central European Summer Time)
[debug] [2023-04-07T15:43:16.963Z] ----------------------------------------------------------------------
[debug] 
[debug] [2023-04-07T15:43:17.012Z] > command requires scopes: ["email","openid","https://www.googleapis.com/auth/cloudplatformprojects.readonly","https://www.googleapis.com/auth/firebase","https://www.googleapis.com/auth/cloud-platform"]
[debug] [2023-04-07T15:43:17.013Z] > authorizing via signed-in user (artur.szaniawski@gmail.com)
[debug] [2023-04-07T15:43:17.013Z] [iam] checking project ptp-blog for permissions ["firebase.projects.get","firebasehosting.sites.update"]
[debug] [2023-04-07T15:43:17.015Z] >>> [apiv2][query] POST https://cloudresourcemanager.googleapis.com/v1/projects/ptp-blog:testIamPermissions [none]
[debug] [2023-04-07T15:43:17.015Z] >>> [apiv2][(partial)header] POST https://cloudresourcemanager.googleapis.com/v1/projects/ptp-blog:testIamPermissions x-goog-quota-user=projects/ptp-blog
[debug] [2023-04-07T15:43:17.015Z] >>> [apiv2][body] POST https://cloudresourcemanager.googleapis.com/v1/projects/ptp-blog:testIamPermissions {"permissions":["firebase.projects.get","firebasehosting.sites.update"]}
[debug] [2023-04-07T15:43:17.697Z] <<< [apiv2][status] POST https://cloudresourcemanager.googleapis.com/v1/projects/ptp-blog:testIamPermissions 200
[debug] [2023-04-07T15:43:17.697Z] <<< [apiv2][body] POST https://cloudresourcemanager.googleapis.com/v1/projects/ptp-blog:testIamPermissions {"permissions":["firebase.projects.get","firebasehosting.sites.update"]}
[debug] [2023-04-07T15:43:17.698Z] >>> [apiv2][query] GET https://firebase.googleapis.com/v1beta1/projects/ptp-blog [none]
[debug] [2023-04-07T15:43:18.335Z] <<< [apiv2][status] GET https://firebase.googleapis.com/v1beta1/projects/ptp-blog 200
[debug] [2023-04-07T15:43:18.335Z] <<< [apiv2][body] GET https://firebase.googleapis.com/v1beta1/projects/ptp-blog {"projectId":"ptp-blog","projectNumber":"948790530178","displayName":"ptp-blog","name":"projects/ptp-blog","resources":{"hostingSite":"ptp-blog"},"state":"ACTIVE","etag":"1_0a2f8ab8-1661-40f2-8712-cbbc5943295b"}
[debug] [2023-04-07T15:43:20.280Z] >>> [apiv2][query] GET https://firebasehosting.googleapis.com/v1beta1/projects/ptp-blog/sites pageToken=&pageSize=10
[debug] [2023-04-07T15:43:21.595Z] <<< [apiv2][status] GET https://firebasehosting.googleapis.com/v1beta1/projects/ptp-blog/sites 200
[debug] [2023-04-07T15:43:21.596Z] <<< [apiv2][body] GET https://firebasehosting.googleapis.com/v1beta1/projects/ptp-blog/sites {"sites":[{"name":"projects/ptp-blog/sites/ptp-blog","defaultUrl":"https://ptp-blog.web.app","appId":"1:948790530178:web:464db70e631d2fa855649b","type":"DEFAULT_SITE"}]}
[debug] [2023-04-07T15:43:21.596Z] >>> [apiv2][query] GET https://firebase.googleapis.com/v1beta1/projects/-/webApps/1:948790530178:web:464db70e631d2fa855649b/config [none]
[debug] [2023-04-07T15:43:22.831Z] <<< [apiv2][status] GET https://firebase.googleapis.com/v1beta1/projects/-/webApps/1:948790530178:web:464db70e631d2fa855649b/config 200
[debug] [2023-04-07T15:43:22.831Z] <<< [apiv2][body] GET https://firebase.googleapis.com/v1beta1/projects/-/webApps/1:948790530178:web:464db70e631d2fa855649b/config {"projectId":"ptp-blog","appId":"1:948790530178:web:464db70e631d2fa855649b","storageBucket":"ptp-blog.appspot.com","apiKey":"AIzaSyCeNGbpIrGDr2HXIYYBl1wYw_wQ5GGZlhI","authDomain":"ptp-blog.firebaseapp.com","messagingSenderId":"948790530178","measurementId":"G-Z4N6TKXV67"}
